2023-05-01 21:49:53.977 [main] INFO  c.h.e.EmployeeManagementSystemApplication - Starting EmployeeManagementSystemApplication using Java 17.0.6 on LAPTOP-FL0D70PT with PID 8816 (C:\Users\RITESH Raushan\Documents\workspace-spring-tool-suite-4-4.17.2.RELEASE\EmployeeManagementSystem\bin\main started by RITESH Raushan in C:\Users\RITESH Raushan\Documents\workspace-spring-tool-suite-4-4.17.2.RELEASE\EmployeeManagementSystem)
2023-05-01 21:49:53.990 [main] INFO  c.h.e.EmployeeManagementSystemApplication - No active profile set, falling back to 1 default profile: "default"
2023-05-01 21:49:55.714 [main] INFO  o.s.d.r.c.RepositoryConfigurationDelegate - Bootstrapping Spring Data JPA repositories in DEFAULT mode.
2023-05-01 21:49:55.875 [main] INFO  o.s.d.r.c.RepositoryConfigurationDelegate - Finished Spring Data repository scanning in 136 ms. Found 1 JPA repository interfaces.
2023-05-01 21:49:57.330 [main] INFO  o.s.b.w.e.tomcat.TomcatWebServer - Tomcat initialized with port(s): 8182 (https)
2023-05-01 21:49:57.368 [main] INFO  o.a.catalina.core.StandardService - Starting service [Tomcat]
2023-05-01 21:49:57.368 [main] INFO  o.a.catalina.core.StandardEngine - Starting Servlet engine: [Apache Tomcat/9.0.74]
2023-05-01 21:49:57.717 [main] INFO  o.a.c.c.C.[Tomcat].[localhost].[/] - Initializing Spring embedded WebApplicationContext
2023-05-01 21:49:57.717 [main] INFO  o.s.b.w.s.c.ServletWebServerApplicationContext - Root WebApplicationContext: initialization completed in 3587 ms
2023-05-01 21:49:58.211 [main] INFO  o.h.jpa.internal.util.LogHelper - HHH000204: Processing PersistenceUnitInfo [name: default]
2023-05-01 21:49:58.416 [main] INFO  org.hibernate.Version - HHH000412: Hibernate ORM core version 5.6.15.Final
2023-05-01 21:49:58.958 [main] INFO  o.h.annotations.common.Version - HCANN000001: Hibernate Commons Annotations {5.1.2.Final}
2023-05-01 21:49:59.281 [main] INFO  com.zaxxer.hikari.HikariDataSource - HikariPool-1 - Starting...
2023-05-01 21:50:00.180 [main] INFO  com.zaxxer.hikari.HikariDataSource - HikariPool-1 - Start completed.
2023-05-01 21:50:00.262 [main] INFO  org.hibernate.dialect.Dialect - HHH000400: Using dialect: org.hibernate.dialect.MySQL8Dialect
2023-05-01 21:50:01.767 [main] INFO  o.h.e.t.j.p.i.JtaPlatformInitiator - HHH000490: Using JtaPlatform implementation: [org.hibernate.engine.transaction.jta.platform.internal.NoJtaPlatform]
2023-05-01 21:50:01.787 [main] INFO  o.s.o.j.LocalContainerEntityManagerFactoryBean - Initialized JPA EntityManagerFactory for persistence unit 'default'
2023-05-01 21:50:02.372 [main] WARN  o.s.b.a.o.j.JpaBaseConfiguration$JpaWebConfiguration - spring.jpa.open-in-view is enabled by default. Therefore, database queries may be performed during view rendering. Explicitly configure spring.jpa.open-in-view to disable this warning
2023-05-01 21:50:03.249 [main] INFO  o.a.t.u.net.NioEndpoint.certificate - Connector [https-jsse-nio-8182], TLS virtual host [_default_], certificate type [UNDEFINED] configured from [file:/C:/Users/RITESH%20Raushan/Documents/workspace-spring-tool-suite-4-4.17.2.RELEASE/EmployeeManagementSystem/bin/main/https-employee.jks] using alias [https-employee] and with trust store [null]
2023-05-01 21:50:03.303 [main] INFO  o.s.b.w.e.tomcat.TomcatWebServer - Tomcat started on port(s): 8182 (https) with context path ''
2023-05-01 21:50:03.320 [main] INFO  c.h.e.EmployeeManagementSystemApplication - Started EmployeeManagementSystemApplication in 10.357 seconds (JVM running for 12.312)
2023-05-01 21:52:14.406 [https-jsse-nio-8182-exec-6] INFO  o.a.c.c.C.[Tomcat].[localhost].[/] - Initializing Spring DispatcherServlet 'dispatcherServlet'
2023-05-01 21:52:14.409 [https-jsse-nio-8182-exec-6] INFO  o.s.web.servlet.DispatcherServlet - Initializing Servlet 'dispatcherServlet'
2023-05-01 21:52:14.411 [https-jsse-nio-8182-exec-6] INFO  o.s.web.servlet.DispatcherServlet - Completed initialization in 1 ms
2023-05-01 21:52:14.479 [https-jsse-nio-8182-exec-6] INFO  c.h.e.controller.EmployeeController - EmployeeId (105) is called
2023-05-01 21:55:54.237 [https-jsse-nio-8182-exec-4] INFO  c.h.e.controller.EmployeeController - EmployeeId (106) is called
2023-05-01 22:20:30.934 [RMI TCP Connection(40)-127.0.0.1] INFO  o.s.b.a.SpringApplicationAdminMXBeanRegistrar$SpringApplicationAdmin - Application shutdown requested.
2023-05-01 22:20:31.055 [RMI TCP Connection(40)-127.0.0.1] INFO  o.a.catalina.core.StandardService - Stopping service [Tomcat]
2023-05-01 22:20:31.070 [RMI TCP Connection(40)-127.0.0.1] INFO  o.a.c.c.C.[Tomcat].[localhost].[/] - Destroying Spring FrameworkServlet 'dispatcherServlet'
2023-05-01 22:20:31.123 [RMI TCP Connection(40)-127.0.0.1] INFO  o.s.o.j.LocalContainerEntityManagerFactoryBean - Closing JPA EntityManagerFactory for persistence unit 'default'
2023-05-01 22:20:31.142 [RMI TCP Connection(40)-127.0.0.1] INFO  com.zaxxer.hikari.HikariDataSource - HikariPool-1 - Shutdown initiated...
2023-05-01 22:20:31.176 [RMI TCP Connection(40)-127.0.0.1] INFO  com.zaxxer.hikari.HikariDataSource - HikariPool-1 - Shutdown completed.
